Mon 30 Jan 2023 11:32:46 PM JST
commit ba4b2cc608b7616fbfce7917d5042010686e1b6e
Author: cympfh <cympfh@gmail.com>
Date:   Mon Jan 30 23:09:13 2023 +0900

    AHC017: add make localtest
seed = 0000	10156797 7.00676
seed = 0001	14714597 7.16775
seed = 0002	61146195 7.78637
seed = 0003	26370711 7.42112
seed = 0004	220696306 8.3438
seed = 0005	6141000 6.78824
seed = 0006	8008522 6.90355
seed = 0007	13428037 7.12801
seed = 0008	7191733 6.85683
seed = 0009	402295257 8.60454

Tue 31 Jan 2023 12:24:52 AM JST
commit c1fe35e98d796d0bd97cdecd3ad9693e66733450
Author: cympfh <cympfh@gmail.com>
Date:   Tue Jan 31 00:24:50 2023 +0900

    スコアを正しく計算できるようになった, スコア最適なプランを提出する
seed = 0000	10156797 7.00676
seed = 0001	14672737 7.16651
seed = 0002	61146195 7.78637
seed = 0003	26290092 7.41979
seed = 0004	15953865 7.20287
seed = 0005	6098175 6.7852
seed = 0006	8008522 6.90355
seed = 0007	13080346 7.11662
seed = 0008	7191733 6.85683
seed = 0009	18171725 7.2594

Tue 31 Jan 2023 12:33:00 AM JST
commit 0ddbccc4d27b3a72c2fe734c668cf04af238e916
Author: cympfh <cympfh@gmail.com>
Date:   Tue Jan 31 00:32:53 2023 +0900

    ２つの Disjoint Planning の和
seed = 0000	10156797 7.00676
seed = 0001	14714597 7.16775
seed = 0002	61146195 7.78637
seed = 0003	26370711 7.42112
seed = 0004	15953865 7.20287
seed = 0005	6141000 6.78824
seed = 0006	8008522 6.90355
seed = 0007	13080346 7.11662
seed = 0008	7191733 6.85683
seed = 0009	18171725 7.2594

Wed 01 Feb 2023 09:55:57 PM JST
commit 9e530be5b3e1c253543f84921c4f7f3a35b67de5
Author: cympfh <cympfh@gmail.com>
Date:   Wed Feb 1 21:55:57 2023 +0900

    impl light_vertex
seed = 0000	10156797 7.00676
seed = 0001	14714597 7.16775
seed = 0002	61146195 7.78637
seed = 0003	26370711 7.42112
seed = 0004	15900329 7.20141
seed = 0005	6141000 6.78824
seed = 0006	8008522 6.90355
seed = 0007	13080346 7.11662
seed = 0008	7191733 6.85683
seed = 0009	18171725 7.2594

Wed 01 Feb 2023 10:20:32 PM JST
commit 7f948ec16c8de6bf4dda0731bce4a4592ef417d5
Author: cympfh <cympfh@gmail.com>
Date:   Wed Feb 1 22:20:31 2023 +0900

    周辺に重みを伝播させる
seed = 0000	10155483 7.0067
seed = 0001	14282906 7.15482
seed = 0002	61146195 7.78637
seed = 0003	26370711 7.42112
seed = 0004	15900329 7.20141
seed = 0005	6073317 6.78343
seed = 0006	8008522 6.90355
seed = 0007	13080346 7.11662
seed = 0008	7036177 6.84734
seed = 0009	16395063 7.21471

Thu 02 Feb 2023 08:47:18 PM JST
commit ce14ced7d1b6cb1c3a9ac626676e0ef2e1e03819
Author: cympfh <cympfh@gmail.com>
Date:   Thu Feb 2 20:47:11 2023 +0900

    伝播の重みはそのまま渡す, スコアは変わらない
seed = 0000	9902802 6.99576
seed = 0001	14282906 7.15482
seed = 0002	61146195 7.78637
seed = 0003	26370711 7.42112
seed = 0004	15900329 7.20141
seed = 0005	6073317 6.78343
seed = 0006	8008522 6.90355
seed = 0007	12839646 7.10855
seed = 0008	7036177 6.84734
seed = 0009	16347581 7.21345
